<?xml version="1.0" encoding="utf-8" standalone="no"?>
<test-results xmlns:xsi="http://www.w3.org/2001/XMLSchema-instance" xsi:noNamespaceSchemaLocation="nunit_schema_2.5.xsd" name="Pester" total="1" errors="0" failures="1" not-run="0" inconclusive="0" ignored="0" skipped="0" invalid="0" date="2016-08-09" time="22:03:53">
  <environment user="Administrator" machine-name="SRV" cwd="share:\DevModules" user-domain="SRV" platform="Microsoft Hyper-V Server 2016 Technical Preview 5|C:\Windows|\Device\Harddisk0\Partition2" nunit-version="2.5.8.0" os-version="10.0.14300" clr-version="4.0.30319.42000" />
  <culture-info current-culture="en-GB" current-uiculture="en-US" />
  <test-suite type="Powershell" name="Pester" executed="True" result="Failure" success="False" time="0.7174" asserts="0">
    <results>
      <test-suite type="TestFixture" name="" executed="True" result="Failure" success="False" time="0.7174" asserts="0" description="">
        <results>
          <test-case description="Error occurred in test script 'X:\DevModules\Logger\Log.Tests.ps1'" name=".Error occurred in test script 'X:\DevModules\Logger\Log.Tests.ps1'" executed="True" time="0.7174" asserts="0" success="False" result="Failure">
            <failure>
              <message>At X:\DevModules\Logger\Log.Tests.ps1:1 char:1
+ using Module ./Log.psm1
+ ~~~~~~~~~~~~~~~~~~~~~~~
Could not find the module './Log.psm1'.</message>
              <stack-trace>at &lt;ScriptBlock&gt;, C:\Program Files\WindowsPowerShell\Modules\pester\3.3.5\Pester.psm1: line 197</stack-trace>
            </failure>
          </test-case>
        </results>
      </test-suite>
    </results>
  </test-suite>
</test-results>