<?xml version="1.0" encoding="utf-8" standalone="no"?>
<test-results xmlns:xsi="http://www.w3.org/2001/XMLSchema-instance" xsi:noNamespaceSchemaLocation="nunit_schema_2.5.xsd" name="Pester" total="1" errors="0" failures="0" not-run="0" inconclusive="0" ignored="0" skipped="0" invalid="0" date="2016-07-31" time="15:07:59">
  <environment user="Administrator" machine-name="SRV" cwd="share:\DevModules" user-domain="SRV" platform="Microsoft Hyper-V Server 2016 Technical Preview 5|C:\Windows|\Device\Harddisk0\Partition2" nunit-version="2.5.8.0" os-version="10.0.14300" clr-version="4.0.30319.42000" />
  <culture-info current-culture="en-GB" current-uiculture="en-US" />
  <test-suite type="Powershell" name="Pester" executed="True" result="Success" success="True" time="0.771" asserts="0">
    <results>
      <test-suite type="TestFixture" name="Testing" executed="True" result="Success" success="True" time="0.771" asserts="0" description="Testing">
        <results>
          <test-case description="Should be true" name="Testing.Should be true" executed="True" time="0.771" asserts="0" success="True" result="Success" />
        </results>
      </test-suite>
    </results>
  </test-suite>
</test-results>